============================================================
  Generated by:           Genus(TM) Synthesis Solution 22.17-s071_1
  Generated on:           May 06 2025  04:19:14 pm
  Module:                 RISC_CPU
  Technology libraries:   slow_1v0 
                          pll 0.0
                          CDK_S128x16 0.0
                          CDK_S256x16 0.0
                          CDK_R512x16 0.0
                          physical_cells 
                          slow_1v0 
                          pll 0.0
                          CDK_S128x16 0.0
                          CDK_S256x16 0.0
                          CDK_R512x16 0.0
                          physical_cells 
  Operating conditions:   slow 
  Interconnect mode:      global
  Area mode:              physical library
============================================================

Timing
--------

Clock Period 
-------------
clk   5000.0 


  Cost    Critical         Violating 
 Group   Path Slack  TNS     Paths   
-------------------------------------
clk             1.0   0.0          0 
default    No paths   0.0            
-------------------------------------
Total                 0.0          0 

Instance Count
--------------
Leaf Instance Count             990 
Physical Instance count           0 
Sequential Instance Count       289 
Combinational Instance Count    701 
Hierarchical Instance Count       1 

Area
----
Cell Area                          3542.402
Physical Cell Area                 0.000
Total Cell Area (Cell+Physical)    3542.402
Net Area                           1325.413
Total Area (Cell+Physical+Net)     4867.815

Runtime                            0.0 seconds
Elapsed Runtime                    47 seconds
Genus peak memory usage            1620.90 
Innovus peak memory usage          no_value 
Hostname                           vlsiktmt
