============================================================
  Generated by:           Genus(TM) Synthesis Solution 22.17-s071_1
  Generated on:           May 06 2025  04:32:22 pm
  Module:                 RISC_CPU
  Operating conditions:   slow 
  Interconnect mode:      global
  Area mode:              physical library
============================================================

Timing
--------

Clock Period 
-------------
clk   5000.0 


        Cost          Critical         Violating 
       Group         Path Slack  TNS     Paths   
-------------------------------------------------
C2C                         0.3   0.0          0 
C2O                      1033.4   0.0          0 
cg_enable_group_clk      2054.7   0.0          0 
clk                    No paths   0.0            
default                No paths   0.0            
I2C                      1347.4   0.0          0 
I2O                    No paths   0.0            
-------------------------------------------------
Total                             0.0          0 

Instance Count
--------------
Leaf Instance Count             988 
Physical Instance count           0 
Sequential Instance Count       325 
Combinational Instance Count    663 
Hierarchical Instance Count      37 

Area
----
Cell Area                          3320.803
Physical Cell Area                 0.000
Total Cell Area (Cell+Physical)    3320.803
Net Area                           1103.671
Total Area (Cell+Physical+Net)     4424.474

Runtime                            0.0 seconds
Elapsed Runtime                    52 seconds
Genus peak memory usage            1633.01 
Innovus peak memory usage          no_value 
Hostname                           vlsiktmt
